<?xml version="1.0" encoding="UTF-8"?>
<testng-results ignored="0" total="0" passed="0" failed="0" skipped="0">
  <reporter-output>
  </reporter-output>
  <suite started-at="2023-05-16T17:14:21 IST" name="CompanySetup" finished-at="2023-05-16T17:14:21 IST" duration-ms="0">
    <groups>
    </groups>
  </suite> <!-- CompanySetup -->
  <suite started-at="2023-05-16T17:14:21 IST" name="Sample Suite" finished-at="2023-05-16T17:14:21 IST" duration-ms="7">
    <groups>
    </groups>
    <test started-at="2023-05-16T17:14:21 IST" name="Sample Test" finished-at="2023-05-16T17:14:21 IST" duration-ms="7">
    </test> <!-- Sample Test -->
  </suite> <!-- Sample Suite -->
</testng-results>
